Arguments: 
  /opt/homebrew/Cellar/node/21.1.0/bin/node /usr/local/bin/yarn login

PATH: 
  /Users/bowen/Library/pnpm:/opt/homebrew/opt/llvm/bin:/Users/bowen/opt/anaconda3/condabin:/Library/Frameworks/Python.framework/Versions/3.11/bin:/opt/homebrew/bin:/opt/homebrew/sbin:/Users/bowen/opt/anaconda3/bin:/usr/local/bin:/usr/bin:/bin:/usr/sbin:/sbin:/Library/TeX/texbin:/opt/X11/bin:/Library/Apple/usr/bin

Yarn version: 
  1.22.19

Node version: 
  21.1.0

Platform: 
  darwin arm64

Trace: 
  SyntaxError: /Users/bowen/Documents/易辙工作室/61OJ/backup/addons/hydrooj-cancelavatar/package.json: Expected double-quoted property name in JSON at position 627 (line 23 column 1)
      at JSON.parse (<anonymous>)
      at /usr/local/lib/node_modules/yarn/lib/cli.js:1629:59
      at Generator.next (<anonymous>)
      at step (/usr/local/lib/node_modules/yarn/lib/cli.js:310:30)
      at /usr/local/lib/node_modules/yarn/lib/cli.js:321:13

npm manifest: 
  {
    "name": "hydrooj-cancelavatar",
    "version": "1.0.0",
    "description": "A Simple Plugin for HydroOJ, Cancelling the Upload Function",
    "main": "index.js",
    "scripts": {
      "test": "echo \"Error: no test specified\" && exit 1"
    },
    "repository": {
      "type": "git",
      "url": "git+https://github.com/15921483570/hydrooj-cancelavatar.git"
    },
    "keywords": [
      "hydrooj",
      "avartar"
    ],
    "author": "Bowen404",
    "license": "AGPL-3.0-or-later",
    "bugs": {
      "url": "https://github.com/15921483570/hydrooj-cancelavatar/issues"
    },
    "homepage": "https://github.com/15921483570/hydrooj-cancelavatar/#readme",
  }

yarn manifest: 
  No manifest

Lockfile: 
  No lockfile
